<?xml version="1.0" encoding="UTF-8"?>
<testsuite xmlns:xsi="http://www.w3.org/2001/XMLSchema-instance" xsi:noNamespaceSchemaLocation="https://maven.apache.org/surefire/maven-failsafe-plugin/xsd/failsafe-test-report.xsd" name="Search PedidosYa" time="19.115" tests="1" errors="1" skipped="0" failures="0">
  <properties>
[...]
</properties>
  <testcase name="Pizza results" classname="Search PedidosYa" time="19.115">
    <error message="Expected enabled element was not enabled" type="net.thucydides.core.webdriver.exceptions.ElementShouldBeEnabledException">net.thucydides.core.webdriver.exceptions.ElementShouldBeEnabledException: Expected enabled element was not enabled
Caused by: org.openqa.selenium.TimeoutException: Expected condition failed: waiting for MainPage.address_button to be enabled (tried for 5 second(s) with 100 milliseconds interval)
Caused by: org.openqa.selenium.NoSuchElementException: 
Timed out after 2 seconds. Element not found
For documentation on this error, please visit: https://www.seleniumhq.org/exceptions/no_such_element.html
Build info: version: '3.141.59', revision: 'e82be7d358', time: '2018-11-14T08:17:03'
System info: host: '192.168.68.105', ip: 'fdd1:ee21:7f4f:45cd:1059:92e:13c2:1122%en0', os.name: 'Mac OS X', os.arch: 'x86_64', os.version: '10.16', java.version: '15.0.1'
Driver info: driver.version: unknown
</error>
    <system-out><![CDATA[11:34:11.608 [main] DEBUG n.t.c.u.PropertiesFileLocalPreferences - LOADING LOCAL PROPERTIES FROM /Users/rafaela.mendina/Documents/SeleniumBootcamp/SeleniumExercise4/serenity.properties 
11:34:11.611 [main] DEBUG n.t.c.u.PropertiesFileLocalPreferences - LOADING LOCAL PROPERTIES FROM /Users/rafaela.mendina/Documents/SeleniumBootcamp/SeleniumExercise4/serenity.properties 
11:34:11.611 [main] DEBUG n.t.c.u.PropertiesFileLocalPreferences - LOADING LOCAL PROPERTIES FROM /Users/rafaela.mendina/Documents/SeleniumBootcamp/SeleniumExercise4/serenity.properties 
11:34:11.624 [main] DEBUG n.t.c.u.PropertiesFileLocalPreferences - serenity.restart.browser.for.each=SCENARIO
11:34:11.625 [main] DEBUG n.t.c.u.PropertiesFileLocalPreferences - drivers.mac.webdriver.chrome.driver=src/test/resources/webdriver/chromedriver
11:34:11.625 [main] DEBUG n.t.c.u.PropertiesFileLocalPreferences - webdriver.driver=chrome
11:34:11.625 [main] DEBUG n.t.c.u.PropertiesFileLocalPreferences - serenity.test.root=org.example
11:34:11.625 [main] DEBUG n.t.c.u.PropertiesFileLocalPreferences - serenity.take.screenshots=DISABLED
11:34:11.625 [main] DEBUG n.t.c.u.PropertiesFileLocalPreferences - serenity.project.name=PedidosYa Automation
11:34:11.625 [main] DEBUG n.t.c.u.PropertiesFileLocalPreferences - serenity.browser.maximized=true
11:34:11.625 [main] DEBUG n.t.c.u.PropertiesFileLocalPreferences - serenity.use.unique.browser=true
11:34:11.889 [main] DEBUG n.t.c.u.PropertiesFileLocalPreferences - LOADING LOCAL PROPERTIES FROM /Users/rafaela.mendina/Documents/SeleniumBootcamp/SeleniumExercise4/serenity.properties 
11:34:11.890 [main] DEBUG n.t.c.u.PropertiesFileLocalPreferences - LOADING LOCAL PROPERTIES FROM /Users/rafaela.mendina/Documents/SeleniumBootcamp/SeleniumExercise4/serenity.properties 
11:34:11.890 [main] DEBUG n.t.c.u.PropertiesFileLocalPreferences - LOADING LOCAL PROPERTIES FROM /Users/rafaela.mendina/Documents/SeleniumBootcamp/SeleniumExercise4/serenity.properties 
11:34:11.893 [main] DEBUG n.t.c.u.PropertiesFileLocalPreferences - serenity.restart.browser.for.each=SCENARIO
11:34:11.893 [main] DEBUG n.t.c.u.PropertiesFileLocalPreferences - drivers.mac.webdriver.chrome.driver=src/test/resources/webdriver/chromedriver
11:34:11.893 [main] DEBUG n.t.c.u.PropertiesFileLocalPreferences - webdriver.driver=chrome
11:34:11.893 [main] DEBUG n.t.c.u.PropertiesFileLocalPreferences - serenity.test.root=org.example
11:34:11.893 [main] DEBUG n.t.c.u.PropertiesFileLocalPreferences - serenity.take.screenshots=DISABLED
11:34:11.893 [main] DEBUG n.t.c.u.PropertiesFileLocalPreferences - serenity.project.name=PedidosYa Automation
11:34:11.893 [main] DEBUG n.t.c.u.PropertiesFileLocalPreferences - serenity.browser.maximized=true
11:34:11.893 [main] DEBUG n.t.c.u.PropertiesFileLocalPreferences - serenity.use.unique.browser=true
11:34:11.900 [main] INFO  n.t.c.steps.ConsoleLoggingListener - 

-------------------------------------------------------------------------------------
     _______. _______ .______       _______ .__   __.  __  .___________.____    ____ 
    /       ||   ____||   _  \     |   ____||  \ |  | |  | |           |\   \  /   / 
   |   (----`|  |__   |  |_)  |    |  |__   |   \|  | |  | `---|  |----` \   \/   /  
    \   \    |   __|  |      /     |   __|  |  . `  | |  |     |  |       \_    _/   
.----)   |   |  |____ |  |\  \----.|  |____ |  |\   | |  |     |  |         |  |     
|_______/    |_______|| _| `._____||_______||__| \__| |__|     |__|         |__|    
                                                                                     
 News and tutorials at http://www.serenity-bdd.info                                  
 Documentation at https://wakaleo.gitbooks.io/the-serenity-book/content/             
 Join the Serenity Community on Rocket Chat at https://serenity-bdd.rocket.chat      
 Serenity BDD Support and Training at http://serenity-bdd.info/#/trainingandsupport  
 Learn Serenity BDD online at http://serenity-dojo.com                               
-------------------------------------------------------------------------------------

11:34:11.904 [main] DEBUG n.thucydides.core.steps.StepEventBus - Test suite started for story net.thucydides.core.model.Story@9c18090d
11:34:11.907 [main] INFO  n.t.c.steps.ConsoleLoggingListener - Test Suite Started: Search PedidosYa
11:34:12.029 [pool-1-thread-1] INFO  n.t.c.steps.ConsoleLoggingListener - 
 _____ _____ ____ _____   ____ _____  _    ____ _____ _____ ____  
|_   _| ____/ ___|_   _| / ___|_   _|/ \  |  _ \_   _| ____|  _ \ 
  | | |  _| \___ \ | |   \___ \ | | / _ \ | |_) || | |  _| | | | |
  | | | |___ ___) || |    ___) || |/ ___ \|  _ < | | | |___| |_| |
  |_| |_____|____/ |_|   |____/ |_/_/   \_\_| \_\|_| |_____|____/ 
                                                                  

TEST STARTED: Pizza results
-------------------------------------------------------------------(search-pedidosya;pizza-results)
11:34:12.059 [pool-1-thread-1] DEBUG n.t.core.requirements.RootDirectory - Resource directories found in  in 15 ms: [src/test/resources]
11:34:12.067 [pool-1-thread-1] DEBUG n.t.core.requirements.RootDirectory - Resource directories found in /Users/rafaela.mendina/Documents/SeleniumBootcamp/SeleniumExercise4 in 1 ms: [/Users/rafaela.mendina/Documents/SeleniumBootcamp/SeleniumExercise4/src/test/resources]
11:34:12.089 [pool-1-thread-1] DEBUG n.t.c.r.m.cucumber.CucumberParser - Found no Cucumber 4.x.x class cucumber.runtime.model.FeatureLoader try Cucumber 2.x.x 
Feature: Search PedidosYa

  Scenario Outline: Pizza results &amp#27;[90m# src/test/resources/features/PedidosYa.feature:8&amp#27;[0m
    &amp#27;[36mGiven user search restaurant <type> and report the amount of results on the page&amp#27;[0m
    &amp#27;[36mWhen filter by <filter> and report the amount of results on the page&amp#27;[0m
    &amp#27;[36mAnd order the results by 'Mejor puntuados' and validate it&amp#27;[0m
    &amp#27;[36mAnd select the first result&amp#27;[0m
    &amp#27;[36mThen User views restaurant important information&amp#27;[0m

    Examples: 

  Background:                                             &amp#27;[90m# src/test/resources/features/PedidosYa.feature:3&amp#27;[0m
11:34:31.232 [pool-1-thread-1] DEBUG n.t.core.reports.ReportService - Reporting formats: [JSON, HTML]
11:34:31.240 [pool-1-thread-1] DEBUG n.t.core.reports.ReportService - Found reporter: net.thucydides.core.reports.xml.XMLTestOutcomeReporter@49604dae(format = Optional[XML])
11:34:31.240 [pool-1-thread-1] DEBUG n.t.core.reports.ReportService - Found reporter: net.thucydides.core.reports.json.JSONTestOutcomeReporter@6e38a847(format = Optional[JSON])
11:34:31.240 [pool-1-thread-1] DEBUG n.t.core.reports.ReportService - Registering reporter: net.thucydides.core.reports.json.JSONTestOutcomeReporter@6e38a847
11:34:31.304 [pool-1-thread-1] DEBUG n.t.core.reports.ReportService - Found reporter: net.thucydides.core.reports.html.HtmlAcceptanceTestReporter@77d81cf8(format = Optional[HTML])
11:34:31.304 [pool-1-thread-1] DEBUG n.t.core.reports.ReportService - Registering reporter: net.thucydides.core.reports.html.HtmlAcceptanceTestReporter@77d81cf8
11:34:31.305 [pool-1-thread-1] DEBUG n.t.core.reports.ReportService - Reporting formats: [JSON, HTML]
11:34:31.312 [pool-1-thread-1] DEBUG n.t.core.reports.ReportService - Generating reports for 1 test outcomes using: net.thucydides.core.reports.json.JSONTestOutcomeReporter@6e38a847
11:34:31.313 [pool-1-thread-1] DEBUG n.t.c.r.j.JUnitXMLOutcomeReporter - GENERATING JUNIT REPORTS
11:34:31.313 [pool-1-thread-1] DEBUG n.t.core.reports.ReportService - Processing test outcome Search PedidosYa:Pizza results
11:34:31.313 [pool-1-thread-1] DEBUG n.t.core.reports.ReportService - net.thucydides.core.reports.json.JSONTestOutcomeReporter@6e38a847: Generating report for test outcome: Search PedidosYa:Pizza results
11:34:31.315 [pool-1-thread-1] DEBUG n.t.c.r.json.JSONTestOutcomeReporter - Generating JSON report for Pizza results to file /Users/rafaela.mendina/Documents/SeleniumBootcamp/SeleniumExercise4/target/site/serenity/33bc52aa0cc842b9e387b31b7ab90a209d41465eb3394c2e68e2e70e168f5c60.json (using temp file /Users/rafaela.mendina/Documents/SeleniumBootcamp/SeleniumExercise4/target/site/serenity/33bc52aa0cc842b9e387b31b7ab90a209d41465eb3394c2e68e2e70e168f5c60.json5e7cf611-7017-467e-a90e-144fc8103767)
11:34:31.362 [pool-1-thread-1] DEBUG n.t.core.reports.ReportService - Processing test outcome Search PedidosYa:Pizza results done
11:34:31.504 [pool-1-thread-1] DEBUG n.t.core.reports.ReportService - Shutting down executor service
11:34:31.504 [pool-1-thread-1] DEBUG n.t.core.reports.ReportService - Reports generated in: 192 ms
11:34:31.505 [pool-1-thread-1] DEBUG n.t.core.reports.ReportService - Generating reports for 1 test outcomes using: net.thucydides.core.reports.html.HtmlAcceptanceTestReporter@77d81cf8
11:34:31.505 [pool-1-thread-1] DEBUG n.t.c.r.j.JUnitXMLOutcomeReporter - GENERATING JUNIT REPORTS
11:34:31.505 [pool-2-thread-1] DEBUG n.t.core.reports.ReportService - Processing test outcome Search PedidosYa:Pizza results
11:34:31.505 [pool-2-thread-1] DEBUG n.t.core.reports.ReportService - net.thucydides.core.reports.html.HtmlAcceptanceTestReporter@77d81cf8: Generating report for test outcome: Search PedidosYa:Pizza results
11:34:31.506 [pool-2-thread-1] DEBUG n.t.c.r.h.HtmlAcceptanceTestReporter - GENERATE TEST OUTCOME REPORT FOR Pizza results in 33bc52aa0cc842b9e387b31b7ab90a209d41465eb3394c2e68e2e70e168f5c60
11:34:31.516 [pool-2-thread-1] INFO  n.t.c.r.PackageRequirementsTagProvider - Loading requirements from package requirements at: org.example
11:34:31.894 [pool-2-thread-1] DEBUG n.t.c.r.m.cucumber.CucumberParser - Found no Cucumber 4.x.x class cucumber.runtime.model.FeatureLoader try Cucumber 2.x.x 
11:34:31.897 [pool-2-thread-1] DEBUG n.t.c.r.RequirementsTagProvider - Requirements found:[Requirement{name='Search PedidosYa', type='feature' parent = 'null', cardNumber='null'}]
11:34:31.902 [pool-2-thread-1] DEBUG n.t.c.r.BaseRequirementsService - Requirement found for test outcome Pizza results-[]: Optional[Requirement{name='Search PedidosYa', type='feature' parent = 'null', cardNumber='null'}]
11:34:31.907 [pool-2-thread-1] DEBUG n.t.c.r.BaseRequirementsService - Requirement found for test outcome Pizza results-[]: Optional[Requirement{name='Search PedidosYa', type='feature' parent = 'null', cardNumber='null'}]
11:34:32.033 [pool-2-thread-1] DEBUG n.t.c.r.BaseRequirementsService - Requirement found for test outcome Pizza results-[]: Optional[Requirement{name='Search PedidosYa', type='feature' parent = 'null', cardNumber='null'}]
11:34:32.034 [pool-2-thread-1] DEBUG n.t.c.r.BaseRequirementsService - Requirement found for test outcome Pizza results-[]: Optional[Requirement{name='Search PedidosYa', type='feature' parent = 'null', cardNumber='null'}]
11:34:32.206 [pool-2-thread-1] DEBUG n.t.c.r.h.HtmlAcceptanceTestReporter - Generating report in 33bc52aa0cc842b9e387b31b7ab90a209d41465eb3394c2e68e2e70e168f5c60_screenshots.html
11:34:32.784 [pool-2-thread-1] DEBUG n.t.c.r.h.HtmlAcceptanceTestReporter - Generated report 33bc52aa0cc842b9e387b31b7ab90a209d41465eb3394c2e68e2e70e168f5c60_screenshots.html in 578 ms
11:34:32.786 [pool-2-thread-1] DEBUG n.t.c.r.h.HtmlAcceptanceTestReporter - GENERATING HTML REPORT FOR Search PedidosYa:Pizza results in 33bc52aa0cc842b9e387b31b7ab90a209d41465eb3394c2e68e2e70e168f5c60.html in directory target/site/serenity  
11:34:33.855 [pool-2-thread-1] DEBUG n.t.c.r.h.HtmlAcceptanceTestReporter - Generating report in 33bc52aa0cc842b9e387b31b7ab90a209d41465eb3394c2e68e2e70e168f5c60.html
11:34:33.966 [pool-2-thread-1] DEBUG n.t.c.r.h.HtmlAcceptanceTestReporter - Generated report 33bc52aa0cc842b9e387b31b7ab90a209d41465eb3394c2e68e2e70e168f5c60.html in 111 ms
11:34:33.967 [pool-2-thread-1] DEBUG n.t.core.reports.ReportService - Processing test outcome Search PedidosYa:Pizza results done
11:34:33.968 [pool-1-thread-1] DEBUG n.t.core.reports.ReportService - Shutting down executor service
11:34:33.969 [pool-1-thread-1] DEBUG n.t.core.reports.ReportService - Reports generated in: 2464 ms
11:34:33.969 [pool-1-thread-1] DEBUG n.s.core.photography.Darkroom - Closing darkroom

&amp#27;[31mFailed scenarios:&amp#27;[0m
&amp#27;[31msrc/test/resources/features/PedidosYa.feature:18 &amp#27;[0m# Pizza results

1 Scenarios (&amp#27;[31m1 failed&amp#27;[0m)
7 Steps (&amp#27;[31m1 failed&amp#27;[0m, &amp#27;[36m5 skipped&amp#27;[0m, &amp#27;[32m1 passed&amp#27;[0m)
0m19.423s

net.thucydides.core.webdriver.exceptions.ElementShouldBeEnabledException: Expected enabled element was not enabled
	at net.serenitybdd.core.pages.WebElementFacadeImpl.waitUntilEnabled(WebElementFacadeImpl.java:1009)
	at net.serenitybdd.core.pages.WebElementFacadeImpl.waitUntilElementAvailable(WebElementFacadeImpl.java:841)
	at net.serenitybdd.core.pages.WebElementFacadeImpl.click(WebElementFacadeImpl.java:1085)
	at java.base/jdk.internal.reflect.NativeMethodAccessorImpl.invoke0(Native Method)
	at java.base/jdk.internal.reflect.NativeMethodAccessorImpl.invoke(NativeMethodAccessorImpl.java:64)
	at java.base/jdk.internal.reflect.DelegatingMethodAccessorImpl.invoke(DelegatingMethodAccessorImpl.java:43)
	at java.base/java.lang.reflect.Method.invoke(Method.java:564)
	at net.thucydides.core.annotations.locators.AbstractSingleItemHandler.invoke(AbstractSingleItemHandler.java:45)
	at com.sun.proxy.$Proxy27.click(Unknown Source)
	at PedidosYa.pageobjects.MainPage.setAddress(MainPage.java:62)
	at PedidosYa.pageobjects.MainPage$$EnhancerByCGLIB$$e22eb5a7.CGLIB$setAddress$0(<generated>)
	at PedidosYa.pageobjects.MainPage$$EnhancerByCGLIB$$e22eb5a7$$FastClassByCGLIB$$5a7a4946.invoke(<generated>)
	at net.sf.cglib.proxy.MethodProxy.invokeSuper(MethodProxy.java:228)
	at net.thucydides.core.steps.BaseMethodRunner.invokeMethod(BaseMethodRunner.java:10)
	at net.thucydides.core.steps.NormalMethodRunner.invokeMethodAndNotifyFailures(NormalMethodRunner.java:20)
	at net.thucydides.core.steps.StepInterceptor.runNormalMethod(StepInterceptor.java:390)
	at net.thucydides.core.steps.StepInterceptor.testStepResult(StepInterceptor.java:161)
	at net.thucydides.core.steps.StepInterceptor.intercept(StepInterceptor.java:72)
	at PedidosYa.pageobjects.MainPage$$EnhancerByCGLIB$$e22eb5a7.setAddress(<generated>)
	at PedidosYa.steps.PedidosYaUser.setAddress(PedidosYaUser.java:19)
	at PedidosYa.steps.PedidosYaUser$$EnhancerByCGLIB$$7ecf881a.CGLIB$setAddress$1(<generated>)
	at PedidosYa.steps.PedidosYaUser$$EnhancerByCGLIB$$7ecf881a$$FastClassByCGLIB$$d4f72225.invoke(<generated>)
	at net.sf.cglib.proxy.MethodProxy.invokeSuper(MethodProxy.java:228)
	at net.thucydides.core.steps.BaseMethodRunner.invokeMethod(BaseMethodRunner.java:10)
	at net.thucydides.core.steps.NormalMethodRunner.invokeMethodAndNotifyFailures(NormalMethodRunner.java:20)
	at net.thucydides.core.steps.StepInterceptor.runNormalMethod(StepInterceptor.java:390)
	at net.thucydides.core.steps.StepInterceptor.testStepResult(StepInterceptor.java:161)
	at net.thucydides.core.steps.StepInterceptor.intercept(StepInterceptor.java:72)
	at PedidosYa.steps.PedidosYaUser$$EnhancerByCGLIB$$7ecf881a.setAddress(<generated>)
	at PedidosYa.stepsdefinitions.UserStepsDefinitions.setAddress(UserStepsDefinitions.java:23)
	at ✽.set the address(src/test/resources/features/PedidosYa.feature:6)
Caused by: org.openqa.selenium.TimeoutException: Expected condition failed: waiting for MainPage.address_button to be enabled (tried for 5 second(s) with 100 milliseconds interval)
	at org.openqa.selenium.support.ui.FluentWait.timeoutException(FluentWait.java:304)
	at org.openqa.selenium.support.ui.FluentWait.until(FluentWait.java:272)
	at net.serenitybdd.core.pages.WebElementFacadeImpl.waitUntilEnabled(WebElementFacadeImpl.java:1006)
	at net.serenitybdd.core.pages.WebElementFacadeImpl.waitUntilElementAvailable(WebElementFacadeImpl.java:841)
	at net.serenitybdd.core.pages.WebElementFacadeImpl.click(WebElementFacadeImpl.java:1085)
	at java.base/jdk.internal.reflect.NativeMethodAccessorImpl.invoke0(Native Method)
	at java.base/jdk.internal.reflect.NativeMethodAccessorImpl.invoke(NativeMethodAccessorImpl.java:64)
	at java.base/jdk.internal.reflect.DelegatingMethodAccessorImpl.invoke(DelegatingMethodAccessorImpl.java:43)
	at java.base/java.lang.reflect.Method.invoke(Method.java:564)
	at net.thucydides.core.annotations.locators.AbstractSingleItemHandler.invoke(AbstractSingleItemHandler.java:45)
	at com.sun.proxy.$Proxy27.click(Unknown Source)
	at PedidosYa.pageobjects.MainPage.setAddress(MainPage.java:62)
	at PedidosYa.pageobjects.MainPage$$EnhancerByCGLIB$$e22eb5a7.CGLIB$setAddress$0(<generated>)
	at PedidosYa.pageobjects.MainPage$$EnhancerByCGLIB$$e22eb5a7$$FastClassByCGLIB$$5a7a4946.invoke(<generated>)
	at net.sf.cglib.proxy.MethodProxy.invokeSuper(MethodProxy.java:228)
	at net.thucydides.core.steps.BaseMethodRunner.invokeMethod(BaseMethodRunner.java:10)
	at net.thucydides.core.steps.NormalMethodRunner.invokeMethodAndNotifyFailures(NormalMethodRunner.java:20)
	at net.thucydides.core.steps.StepInterceptor.runNormalMethod(StepInterceptor.java:390)
	at net.thucydides.core.steps.StepInterceptor.testStepResult(StepInterceptor.java:161)
	at net.thucydides.core.steps.StepInterceptor.intercept(StepInterceptor.java:72)
	at PedidosYa.pageobjects.MainPage$$EnhancerByCGLIB$$e22eb5a7.setAddress(<generated>)
	at PedidosYa.steps.PedidosYaUser.setAddress(PedidosYaUser.java:19)
	at PedidosYa.steps.PedidosYaUser$$EnhancerByCGLIB$$7ecf881a.CGLIB$setAddress$1(<generated>)
	at PedidosYa.steps.PedidosYaUser$$EnhancerByCGLIB$$7ecf881a$$FastClassByCGLIB$$d4f72225.invoke(<generated>)
	at net.sf.cglib.proxy.MethodProxy.invokeSuper(MethodProxy.java:228)
	at net.thucydides.core.steps.BaseMethodRunner.invokeMethod(BaseMethodRunner.java:10)
	at net.thucydides.core.steps.NormalMethodRunner.invokeMethodAndNotifyFailures(NormalMethodRunner.java:20)
	at net.thucydides.core.steps.StepInterceptor.runNormalMethod(StepInterceptor.java:390)
	at net.thucydides.core.steps.StepInterceptor.testStepResult(StepInterceptor.java:161)
	at net.thucydides.core.steps.StepInterceptor.intercept(StepInterceptor.java:72)
	at PedidosYa.steps.PedidosYaUser$$EnhancerByCGLIB$$7ecf881a.setAddress(<generated>)
	at PedidosYa.stepsdefinitions.UserStepsDefinitions.setAddress(UserStepsDefinitions.java:23)
	at java.base/jdk.internal.reflect.NativeMethodAccessorImpl.invoke0(Native Method)
	at java.base/jdk.internal.reflect.NativeMethodAccessorImpl.invoke(NativeMethodAccessorImpl.java:64)
	at java.base/jdk.internal.reflect.DelegatingMethodAccessorImpl.invoke(DelegatingMethodAccessorImpl.java:43)
	at java.base/java.lang.reflect.Method.invoke(Method.java:564)
	at cucumber.runtime.Utils$1.call(Utils.java:31)
	at cucumber.runtime.Timeout.timeout(Timeout.java:16)
	at cucumber.runtime.Utils.invoke(Utils.java:25)
	at cucumber.runtime.java.JavaStepDefinition.execute(JavaStepDefinition.java:37)
	at cucumber.runtime.StepDefinitionMatch.runStep(StepDefinitionMatch.java:40)
	at cucumber.api.TestStep.executeStep(TestStep.java:102)
	at cucumber.api.TestStep.run(TestStep.java:83)
	at cucumber.api.TestCase.run(TestCase.java:58)
	at cucumber.runner.Runner.runPickle(Runner.java:80)
	at cucumber.runtime.junit.PickleRunners$NoStepDescriptions.run(PickleRunners.java:140)
	at cucumber.runtime.junit.FeatureRunner.runChild(FeatureRunner.java:68)
	at cucumber.runtime.junit.FeatureRunner.runChild(FeatureRunner.java:23)
	at org.junit.runners.ParentRunner$3.run(ParentRunner.java:290)
	at org.junit.runners.ParentRunner$1.schedule(ParentRunner.java:71)
	at org.junit.runners.ParentRunner.runChildren(ParentRunner.java:288)
	at org.junit.runners.ParentRunner.access$000(ParentRunner.java:58)
	at org.junit.runners.ParentRunner$2.evaluate(ParentRunner.java:268)
	at org.junit.runners.ParentRunner.run(ParentRunner.java:363)
	at cucumber.runtime.junit.FeatureRunner.run(FeatureRunner.java:73)
	at cucumber.api.junit.Cucumber.runChild(Cucumber.java:118)
	at cucumber.api.junit.Cucumber.runChild(Cucumber.java:56)
	at org.junit.runners.ParentRunner$3.run(ParentRunner.java:290)
	at org.apache.maven.surefire.junitcore.pc.Scheduler$1.run(Scheduler.java:410)
	at org.apache.maven.surefire.junitcore.pc.InvokerStrategy.schedule(InvokerStrategy.java:54)
	at org.apache.maven.surefire.junitcore.pc.Scheduler.schedule(Scheduler.java:367)
	at org.junit.runners.ParentRunner.runChildren(ParentRunner.java:288)
	at org.junit.runners.ParentRunner.access$000(ParentRunner.java:58)
	at org.junit.runners.ParentRunner$2.evaluate(ParentRunner.java:268)
	at cucumber.api.junit.Cucumber$1.evaluate(Cucumber.java:127)
	at org.junit.runners.ParentRunner.run(ParentRunner.java:363)
	at org.junit.runners.Suite.runChild(Suite.java:128)
	at org.junit.runners.Suite.runChild(Suite.java:27)
	at org.junit.runners.ParentRunner$3.run(ParentRunner.java:290)
	at org.apache.maven.surefire.junitcore.pc.Scheduler$1.run(Scheduler.java:410)
	at java.base/java.util.concurrent.Executors$RunnableAdapter.call(Executors.java:515)
	at java.base/java.util.concurrent.FutureTask.run(FutureTask.java:264)
	at java.base/java.util.concurrent.ThreadPoolExecutor.runWorker(ThreadPoolExecutor.java:1130)
	at java.base/java.util.concurrent.ThreadPoolExecutor$Worker.run(ThreadPoolExecutor.java:630)
	at java.base/java.lang.Thread.run(Thread.java:832)
Caused by: org.openqa.selenium.NoSuchElementException: Timed out after 2 seconds. Element not found
For documentation on this error, please visit: https://www.seleniumhq.org/exceptions/no_such_element.html
Build info: version: '3.141.59', revision: 'e82be7d358', time: '2018-11-14T08:17:03'
System info: host: '192.168.68.105', ip: 'fdd1:ee21:7f4f:45cd:1059:92e:13c2:1122%en0', os.name: 'Mac OS X', os.arch: 'x86_64', os.version: '10.16', java.version: '15.0.1'
Driver info: driver.version: unknown
	at net.thucydides.core.annotations.locators.SmartAjaxElementLocator.ajaxFindElement(SmartAjaxElementLocator.java:172)
	at net.thucydides.core.annotations.locators.SmartAjaxElementLocator.findElement(SmartAjaxElementLocator.java:124)
	at net.serenitybdd.core.pages.WebElementResolverByElementLocator.resolveForDriver(WebElementResolverByElementLocator.java:27)
	at net.serenitybdd.core.pages.WebElementFacadeImpl.getElement(WebElementFacadeImpl.java:210)
	at net.serenitybdd.core.pages.WebElementExpectations$3.apply(WebElementExpectations.java:63)
	at net.serenitybdd.core.pages.WebElementExpectations$3.apply(WebElementExpectations.java:55)
	at org.openqa.selenium.support.ui.FluentWait.until(FluentWait.java:249)
	... 73 more

11:34:12.723 [pool-1-thread-1] DEBUG n.s.c.w.s.ChromeServicePool - Creating new driver instance with capabilities: Capabilities {acceptInsecureCerts: false, browserName: chrome, goog:chromeOptions: {args: [--enable-automation, --test-type], extensions: []}, platform: ANY, version: }

11:34:21.200 [pool-1-thread-1] DEBUG n.s.core.photography.Darkroom - Opening darkroom
11:34:21.201 [Darkroom Processing Line] DEBUG n.s.c.p.DarkroomProcessingLine - Darkroom processing line starting up
11:34:22.703 [pool-1-thread-1] DEBUG n.s.core.photography.Darkroom - Send negative for processing for target/site/serenity/ce6beab243cd9c7f9934f8e4f8cd1d75190e46ccd4163b647ae544a7262429a5.png
11:34:22.703 [Darkroom Processing Line] DEBUG n.s.c.p.DarkroomProcessingLine - Processing screenshot image in /var/screenshots/screenshot-11716063730237280678
11:34:22.703 [Darkroom Processing Line] DEBUG n.s.c.p.DarkroomProcessingLine - Saving screenshot to target/site/serenity/ce6beab243cd9c7f9934f8e4f8cd1d75190e46ccd4163b647ae544a7262429a5.png
    &amp#27;[32mGiven &amp#27;[0m&amp#27;[32muser navigates to https://www.pedidosya.com.uy/&amp#27;[0m &amp#27;[90m# UserStepsDefinitions.userNavigateToPedidosYa()&amp#27;[0m
    &amp#27;[31mAnd &amp#27;[0m&amp#27;[31mset the address&amp#27;[0m                                   &amp#27;[90m# UserStepsDefinitions.setAddress()&amp#27;[0m
      &amp#27;[31mnet.thucydides.core.webdriver.exceptions.ElementShouldBeEnabledException: Expected enabled element was not enabled
	at net.serenitybdd.core.pages.WebElementFacadeImpl.waitUntilEnabled(WebElementFacadeImpl.java:1009)
	at net.serenitybdd.core.pages.WebElementFacadeImpl.waitUntilElementAvailable(WebElementFacadeImpl.java:841)
	at net.serenitybdd.core.pages.WebElementFacadeImpl.click(WebElementFacadeImpl.java:1085)
	at java.base/jdk.internal.reflect.NativeMethodAccessorImpl.invoke0(Native Method)
	at java.base/jdk.internal.reflect.NativeMethodAccessorImpl.invoke(NativeMethodAccessorImpl.java:64)
	at java.base/jdk.internal.reflect.DelegatingMethodAccessorImpl.invoke(DelegatingMethodAccessorImpl.java:43)
	at java.base/java.lang.reflect.Method.invoke(Method.java:564)
	at net.thucydides.core.annotations.locators.AbstractSingleItemHandler.invoke(AbstractSingleItemHandler.java:45)
	at com.sun.proxy.$Proxy27.click(Unknown Source)
	at PedidosYa.pageobjects.MainPage.setAddress(MainPage.java:62)
	at PedidosYa.pageobjects.MainPage$$EnhancerByCGLIB$$e22eb5a7.CGLIB$setAddress$0(<generated>)
	at PedidosYa.pageobjects.MainPage$$EnhancerByCGLIB$$e22eb5a7$$FastClassByCGLIB$$5a7a4946.invoke(<generated>)
	at net.sf.cglib.proxy.MethodProxy.invokeSuper(MethodProxy.java:228)
	at net.thucydides.core.steps.BaseMethodRunner.invokeMethod(BaseMethodRunner.java:10)
	at net.thucydides.core.steps.NormalMethodRunner.invokeMethodAndNotifyFailures(NormalMethodRunner.java:20)
	at net.thucydides.core.steps.StepInterceptor.runNormalMethod(StepInterceptor.java:390)
	at net.thucydides.core.steps.StepInterceptor.testStepResult(StepInterceptor.java:161)
	at net.thucydides.core.steps.StepInterceptor.intercept(StepInterceptor.java:72)
	at PedidosYa.pageobjects.MainPage$$EnhancerByCGLIB$$e22eb5a7.setAddress(<generated>)
	at PedidosYa.steps.PedidosYaUser.setAddress(PedidosYaUser.java:19)
	at PedidosYa.steps.PedidosYaUser$$EnhancerByCGLIB$$7ecf881a.CGLIB$setAddress$1(<generated>)
	at PedidosYa.steps.PedidosYaUser$$EnhancerByCGLIB$$7ecf881a$$FastClassByCGLIB$$d4f72225.invoke(<generated>)
	at net.sf.cglib.proxy.MethodProxy.invokeSuper(MethodProxy.java:228)
	at net.thucydides.core.steps.BaseMethodRunner.invokeMethod(BaseMethodRunner.java:10)
	at net.thucydides.core.steps.NormalMethodRunner.invokeMethodAndNotifyFailures(NormalMethodRunner.java:20)
	at net.thucydides.core.steps.StepInterceptor.runNormalMethod(StepInterceptor.java:390)
	at net.thucydides.core.steps.StepInterceptor.testStepResult(StepInterceptor.java:161)
	at net.thucydides.core.steps.StepInterceptor.intercept(StepInterceptor.java:72)
	at PedidosYa.steps.PedidosYaUser$$EnhancerByCGLIB$$7ecf881a.setAddress(<generated>)
	at PedidosYa.stepsdefinitions.UserStepsDefinitions.setAddress(UserStepsDefinitions.java:23)
	at ✽.set the address(src/test/resources/features/PedidosYa.feature:6)
Caused by: org.openqa.selenium.TimeoutException: Expected condition failed: waiting for MainPage.address_button to be enabled (tried for 5 second(s) with 100 milliseconds interval)
	at org.openqa.selenium.support.ui.FluentWait.timeoutException(FluentWait.java:304)
	at org.openqa.selenium.support.ui.FluentWait.until(FluentWait.java:272)
	at net.serenitybdd.core.pages.WebElementFacadeImpl.waitUntilEnabled(WebElementFacadeImpl.java:1006)
	at net.serenitybdd.core.pages.WebElementFacadeImpl.waitUntilElementAvailable(WebElementFacadeImpl.java:841)
	at net.serenitybdd.core.pages.WebElementFacadeImpl.click(WebElementFacadeImpl.java:1085)
	at java.base/jdk.internal.reflect.NativeMethodAccessorImpl.invoke0(Native Method)
	at java.base/jdk.internal.reflect.NativeMethodAccessorImpl.invoke(NativeMethodAccessorImpl.java:64)
	at java.base/jdk.internal.reflect.DelegatingMethodAccessorImpl.invoke(DelegatingMethodAccessorImpl.java:43)
	at java.base/java.lang.reflect.Method.invoke(Method.java:564)
	at net.thucydides.core.annotations.locators.AbstractSingleItemHandler.invoke(AbstractSingleItemHandler.java:45)
	at com.sun.proxy.$Proxy27.click(Unknown Source)
	at PedidosYa.pageobjects.MainPage.setAddress(MainPage.java:62)
	at PedidosYa.pageobjects.MainPage$$EnhancerByCGLIB$$e22eb5a7.CGLIB$setAddress$0(<generated>)
	at PedidosYa.pageobjects.MainPage$$EnhancerByCGLIB$$e22eb5a7$$FastClassByCGLIB$$5a7a4946.invoke(<generated>)
	at net.sf.cglib.proxy.MethodProxy.invokeSuper(MethodProxy.java:228)
	at net.thucydides.core.steps.BaseMethodRunner.invokeMethod(BaseMethodRunner.java:10)
	at net.thucydides.core.steps.NormalMethodRunner.invokeMethodAndNotifyFailures(NormalMethodRunner.java:20)
	at net.thucydides.core.steps.StepInterceptor.runNormalMethod(StepInterceptor.java:390)
	at net.thucydides.core.steps.StepInterceptor.testStepResult(StepInterceptor.java:161)
	at net.thucydides.core.steps.StepInterceptor.intercept(StepInterceptor.java:72)
	at PedidosYa.pageobjects.MainPage$$EnhancerByCGLIB$$e22eb5a7.setAddress(<generated>)
	at PedidosYa.steps.PedidosYaUser.setAddress(PedidosYaUser.java:19)
	at PedidosYa.steps.PedidosYaUser$$EnhancerByCGLIB$$7ecf881a.CGLIB$setAddress$1(<generated>)
	at PedidosYa.steps.PedidosYaUser$$EnhancerByCGLIB$$7ecf881a$$FastClassByCGLIB$$d4f72225.invoke(<generated>)
	at net.sf.cglib.proxy.MethodProxy.invokeSuper(MethodProxy.java:228)
	at net.thucydides.core.steps.BaseMethodRunner.invokeMethod(BaseMethodRunner.java:10)
	at net.thucydides.core.steps.NormalMethodRunner.invokeMethodAndNotifyFailures(NormalMethodRunner.java:20)
	at net.thucydides.core.steps.StepInterceptor.runNormalMethod(StepInterceptor.java:390)
	at net.thucydides.core.steps.StepInterceptor.testStepResult(StepInterceptor.java:161)
	at net.thucydides.core.steps.StepInterceptor.intercept(StepInterceptor.java:72)
	at PedidosYa.steps.PedidosYaUser$$EnhancerByCGLIB$$7ecf881a.setAddress(<generated>)
	at PedidosYa.stepsdefinitions.UserStepsDefinitions.setAddress(UserStepsDefinitions.java:23)
	at java.base/jdk.internal.reflect.NativeMethodAccessorImpl.invoke0(Native Method)
	at java.base/jdk.internal.reflect.NativeMethodAccessorImpl.invoke(NativeMethodAccessorImpl.java:64)
	at java.base/jdk.internal.reflect.DelegatingMethodAccessorImpl.invoke(DelegatingMethodAccessorImpl.java:43)
	at java.base/java.lang.reflect.Method.invoke(Method.java:564)
	at cucumber.runtime.Utils$1.call(Utils.java:31)
	at cucumber.runtime.Timeout.timeout(Timeout.java:16)
	at cucumber.runtime.Utils.invoke(Utils.java:25)
	at cucumber.runtime.java.JavaStepDefinition.execute(JavaStepDefinition.java:37)
	at cucumber.runtime.StepDefinitionMatch.runStep(StepDefinitionMatch.java:40)
	at cucumber.api.TestStep.executeStep(TestStep.java:102)
	at cucumber.api.TestStep.run(TestStep.java:83)
	at cucumber.api.TestCase.run(TestCase.java:58)
	at cucumber.runner.Runner.runPickle(Runner.java:80)
	at cucumber.runtime.junit.PickleRunners$NoStepDescriptions.run(PickleRunners.java:140)
	at cucumber.runtime.junit.FeatureRunner.runChild(FeatureRunner.java:68)
	at cucumber.runtime.junit.FeatureRunner.runChild(FeatureRunner.java:23)
	at org.junit.runners.ParentRunner$3.run(ParentRunner.java:290)
	at org.junit.runners.ParentRunner$1.schedule(ParentRunner.java:71)
	at org.junit.runners.ParentRunner.runChildren(ParentRunner.java:288)
	at org.junit.runners.ParentRunner.access$000(ParentRunner.java:58)
	at org.junit.runners.ParentRunner$2.evaluate(ParentRunner.java:268)
	at org.junit.runners.ParentRunner.run(ParentRunner.java:363)
	at cucumber.runtime.junit.FeatureRunner.run(FeatureRunner.java:73)
	at cucumber.api.junit.Cucumber.runChild(Cucumber.java:118)
	at cucumber.api.junit.Cucumber.runChild(Cucumber.java:56)
	at org.junit.runners.ParentRunner$3.run(ParentRunner.java:290)
	at org.apache.maven.surefire.junitcore.pc.Scheduler$1.run(Scheduler.java:410)
	at org.apache.maven.surefire.junitcore.pc.InvokerStrategy.schedule(InvokerStrategy.java:54)
	at org.apache.maven.surefire.junitcore.pc.Scheduler.schedule(Scheduler.java:367)
	at org.junit.runners.ParentRunner.runChildren(ParentRunner.java:288)
	at org.junit.runners.ParentRunner.access$000(ParentRunner.java:58)
	at org.junit.runners.ParentRunner$2.evaluate(ParentRunner.java:268)
	at cucumber.api.junit.Cucumber$1.evaluate(Cucumber.java:127)
	at org.junit.runners.ParentRunner.run(ParentRunner.java:363)
	at org.junit.runners.Suite.runChild(Suite.java:128)
	at org.junit.runners.Suite.runChild(Suite.java:27)
	at org.junit.runners.ParentRunner$3.run(ParentRunner.java:290)
	at org.apache.maven.surefire.junitcore.pc.Scheduler$1.run(Scheduler.java:410)
	at java.base/java.util.concurrent.Executors$RunnableAdapter.call(Executors.java:515)
	at java.base/java.util.concurrent.FutureTask.run(FutureTask.java:264)
	at java.base/java.util.concurrent.ThreadPoolExecutor.runWorker(ThreadPoolExecutor.java:1130)
	at java.base/java.util.concurrent.ThreadPoolExecutor$Worker.run(ThreadPoolExecutor.java:630)
	at java.base/java.lang.Thread.run(Thread.java:832)
Caused by: org.openqa.selenium.NoSuchElementException: Timed out after 2 seconds. Element not found
For documentation on this error, please visit: https://www.seleniumhq.org/exceptions/no_such_element.html
Build info: version: '3.141.59', revision: 'e82be7d358', time: '2018-11-14T08:17:03'
System info: host: '192.168.68.105', ip: 'fdd1:ee21:7f4f:45cd:1059:92e:13c2:1122%en0', os.name: 'Mac OS X', os.arch: 'x86_64', os.version: '10.16', java.version: '15.0.1'
Driver info: driver.version: unknown
	at net.thucydides.core.annotations.locators.SmartAjaxElementLocator.ajaxFindElement(SmartAjaxElementLocator.java:172)
	at net.thucydides.core.annotations.locators.SmartAjaxElementLocator.findElement(SmartAjaxElementLocator.java:124)
	at net.serenitybdd.core.pages.WebElementResolverByElementLocator.resolveForDriver(WebElementResolverByElementLocator.java:27)
	at net.serenitybdd.core.pages.WebElementFacadeImpl.getElement(WebElementFacadeImpl.java:210)
	at net.serenitybdd.core.pages.WebElementExpectations$3.apply(WebElementExpectations.java:63)
	at net.serenitybdd.core.pages.WebElementExpectations$3.apply(WebElementExpectations.java:55)
	at org.openqa.selenium.support.ui.FluentWait.until(FluentWait.java:249)
	... 73 more
&amp#27;[0m

  Scenario Outline: Pizza results                                                   &amp#27;[90m# src/test/resources/features/PedidosYa.feature:18&amp#27;[0m
    &amp#27;[36mGiven &amp#27;[0m&amp#27;[36muser search restaurant &amp#27;[0m&amp#27;[36m&amp#27;[1mPizza&amp#27;[0m&amp#27;[36m and report the amount of results on the page&amp#27;[0m &amp#27;[90m# UserStepsDefinitions.searchRestaurantByFoodType(String)&amp#27;[0m
    &amp#27;[36mWhen &amp#27;[0m&amp#27;[36mfilter by &amp#27;[0m&amp#27;[36m&amp#27;[1mDescuentos&amp#27;[0m&amp#27;[36m and report the amount of results on the page&amp#27;[0m          &amp#27;[90m# UserStepsDefinitions.filterBy(String)&amp#27;[0m
    &amp#27;[36mAnd &amp#27;[0m&amp#27;[36morder the results by 'Mejor puntuados' and validate it&amp#27;[0m                      &amp#27;[90m# UserStepsDefinitions.sortByScore()&amp#27;[0m
    &amp#27;[36mAnd &amp#27;[0m&amp#27;[36mselect the first result&amp#27;[0m                                                     &amp#27;[90m# UserStepsDefinitions.userSelectFirstResult()&amp#27;[0m
    &amp#27;[36mThen &amp#27;[0m&amp#27;[36mUser views restaurant important information&amp#27;[0m                                &amp#27;[90m# UserStepsDefinitions.userViewDetails()&amp#27;[0m
11:34:31.099 [pool-1-thread-1] ERROR n.t.c.steps.ConsoleLoggingListener - 
           __  _____ _____ ____ _____   _____ _    ___ _     _____ ____  
  _       / / |_   _| ____/ ___|_   _| |  ___/ \  |_ _| |   | ____|  _ \ 
 (_)_____| |    | | |  _| \___ \ | |   | |_ / _ \  | || |   |  _| | | | |
  _|_____| |    | | | |___ ___) || |   |  _/ ___ \ | || |___| |___| |_| |
 (_)     | |    |_| |_____|____/ |_|   |_|/_/   \_\___|_____|_____|____/ 
          \_\                                                            

TEST FAILED: Pizza results
--------------------------------------------------------------------------
11:34:31.101 [pool-1-thread-1] DEBUG n.t.c.steps.ConsoleLoggingListener - RELATED ISSUES: 
11:34:31.222 [pool-1-thread-1] ERROR n.t.c.steps.ConsoleLoggingListener - TEST FAILED AT STEP Set address
11:34:31.222 [pool-1-thread-1] ERROR n.t.c.steps.ConsoleLoggingListener - Expected enabled element was not enabledBuild info: version: '3.141.59', revision: 'e82be7d358', time: '2018-11-14T08:17:03'System info: host: '192.168.68.105', ip: 'fdd1:ee21:7f4f:45cd:1059:92e:13c2:1122%en0', os.name: 'Mac OS X', os.arch: 'x86_64', os.version: '10.16', java.version: '15.0.1'Driver info: driver.version: unknown
11:34:33.970 [Darkroom Processing Line] DEBUG n.s.c.p.DarkroomProcessingLine - Darkroom processing line shutting down
]]></system-out>
    <system-err><![CDATA[Mar 24, 2023 11:34:12 AM org.openqa.selenium.remote.DesiredCapabilities chrome
INFO: Using `new ChromeOptions()` is preferred to `DesiredCapabilities.chrome()`
Starting ChromeDriver 110.0.5481.77 (65ed616c6e8ee3fe0ad64fe83796c020644d42af-refs/branch-heads/5481@{#839}) on port 43451
Only local connections are allowed.
Please see https://chromedriver.chromium.org/security-considerations for suggestions on keeping ChromeDriver safe.
ChromeDriver was started successfully.
[1679668455.863][WARNING]: This version of ChromeDriver has not been tested with Chrome version 111.
[1679668455.919][WARNING]: virtual void DevToolsClientImpl::AddListener(DevToolsEventListener *) subscribing a listener to the already connected DevToolsClient. Connection notification will not arrive.
Mar 24, 2023 11:34:15 AM org.openqa.selenium.remote.ProtocolHandshake createSession
INFO: Detected dialect: W3C
]]></system-err>
  </testcase>
</testsuite>